This is pdfTeX, Version 3.14159265-2.6-1.40.18 (MiKTeX 2.9.6350) (preloaded format=latex 2017.8.16)  20 AUG 2017 20:08
entering extended mode
**./temp/letters-20-08-2017-08-08-19.tex
(temp/letters-20-08-2017-08-08-19.tex
LaTeX2e <2017-04-15>
Babel <3.10> and hyphenation patterns for 1 language(s) loaded.

("C:\Users\rigo\OneDrive - ASESCOM RJ ABOGADOS EIRL\git\LetterGeneratorGUI\Lett
erApp\bin\Debug\latex\install\tex\latex\base\report.cls"
Document Class: report 2014/09/29 v1.4h Standard LaTeX document class

("C:\Users\rigo\OneDrive - ASESCOM RJ ABOGADOS EIRL\git\LetterGeneratorGUI\Lett
erApp\bin\Debug\latex\install\tex\latex\base\size11.clo"
File: size11.clo 2014/09/29 v1.4h Standard LaTeX file (size option)
)
\c@part=\count79
\c@chapter=\count80
\c@section=\count81
\c@subsection=\count82
\c@subsubsection=\count83
\c@paragraph=\count84
\c@subparagraph=\count85
\c@figure=\count86
\c@table=\count87
\abovecaptionskip=\skip41
\belowcaptionskip=\skip42
\bibindent=\dimen102
)
("C:\Users\rigo\OneDrive - ASESCOM RJ ABOGADOS EIRL\git\LetterGeneratorGUI\Lett
erApp\bin\Debug\latex\install\tex\latex\geometry\geometry.sty"
Package: geometry 2010/09/12 v5.6 Page Geometry

("C:\Users\rigo\OneDrive - ASESCOM RJ ABOGADOS EIRL\git\LetterGeneratorGUI\Lett
erApp\bin\Debug\latex\install\tex\latex\graphics\keyval.sty"
Package: keyval 2014/10/28 v1.15 key=value parser (DPC)
\KV@toks@=\toks14
)
("C:\Users\rigo\OneDrive - ASESCOM RJ ABOGADOS EIRL\git\LetterGeneratorGUI\Lett
erApp\bin\Debug\latex\install\tex\generic\oberdiek\ifpdf.sty"
Package: ifpdf 2017/03/15 v3.2 Provides the ifpdf switch
)
("C:\Users\rigo\OneDrive - ASESCOM RJ ABOGADOS EIRL\git\LetterGeneratorGUI\Lett
erApp\bin\Debug\latex\install\tex\generic\oberdiek\ifvtex.sty"
Package: ifvtex 2016/05/16 v1.6 Detect VTeX and its facilities (HO)
Package ifvtex Info: VTeX not detected.
)
("C:\Users\rigo\OneDrive - ASESCOM RJ ABOGADOS EIRL\git\LetterGeneratorGUI\Lett
erApp\bin\Debug\latex\install\tex\generic\ifxetex\ifxetex.sty"
Package: ifxetex 2010/09/12 v0.6 Provides ifxetex conditional
)
\Gm@cnth=\count88
\Gm@cntv=\count89
\c@Gm@tempcnt=\count90
\Gm@bindingoffset=\dimen103
\Gm@wd@mp=\dimen104
\Gm@odd@mp=\dimen105
\Gm@even@mp=\dimen106
\Gm@layoutwidth=\dimen107
\Gm@layoutheight=\dimen108
\Gm@layouthoffset=\dimen109
\Gm@layoutvoffset=\dimen110
\Gm@dimlist=\toks15

("C:\Users\rigo\OneDrive - ASESCOM RJ ABOGADOS EIRL\git\LetterGeneratorGUI\Lett
erApp\bin\Debug\latex\install\tex\latex\geometry\geometry.cfg"))
("C:\Users\rigo\OneDrive - ASESCOM RJ ABOGADOS EIRL\git\LetterGeneratorGUI\Lett
erApp\bin\Debug\latex\install\tex\latex\base\inputenc.sty"
Package: inputenc 2015/03/17 v1.2c Input encoding file
\inpenc@prehook=\toks16
\inpenc@posthook=\toks17

("C:\Users\rigo\OneDrive - ASESCOM RJ ABOGADOS EIRL\git\LetterGeneratorGUI\Lett
erApp\bin\Debug\latex\install\tex\latex\ucs\utf8x.def"
File: utf8x.def 2004/10/17 UCS: Input encoding UTF-8
))
("C:\Users\rigo\OneDrive - ASESCOM RJ ABOGADOS EIRL\git\LetterGeneratorGUI\Lett
erApp\bin\Debug\latex\install\tex\latex\ucs\ucs.sty"
Package: ucs 2013/05/11 v2.2 UCS: Unicode input support

("C:\Users\rigo\OneDrive - ASESCOM RJ ABOGADOS EIRL\git\LetterGeneratorGUI\Lett
erApp\bin\Debug\latex\install\tex\latex\ucs\uni-global.def"
File: uni-global.def 2013/05/13 UCS: Unicode global data
)
\uc@secondtry=\count91
\uc@combtoks=\toks18
\uc@combtoksb=\toks19
\uc@temptokena=\toks20
)
("C:\Users\rigo\OneDrive - ASESCOM RJ ABOGADOS EIRL\git\LetterGeneratorGUI\Lett
erApp\bin\Debug\latex\install\tex\generic\babel\babel.sty"
Package: babel 2017/05/19 3.10 The Babel package

*************************************
* Local config file bblopts.cfg used
*

("C:\Users\rigo\OneDrive - ASESCOM RJ ABOGADOS EIRL\git\LetterGeneratorGUI\Lett
erApp\bin\Debug\latex\install\tex\latex\arabi\bblopts.cfg"
File: bblopts.cfg 2005/09/08 v0.1 add Arabic and Farsi to "declared" options of
 babel
)
("C:\Users\rigo\OneDrive - ASESCOM RJ ABOGADOS EIRL\git\LetterGeneratorGUI\Lett
erApp\bin\Debug\latex\install\tex\latex\babel-spanish\spanish.ldf"
Language: spanish.ldf 2016/03/03 v5.0p Spanish support from the babel system

("C:\Users\rigo\OneDrive - ASESCOM RJ ABOGADOS EIRL\git\LetterGeneratorGUI\Lett
erApp\bin\Debug\latex\install\tex\generic\babel\babel.def"
File: babel.def 2017/05/19 3.10 Babel common definitions
\babel@savecnt=\count92
\U@D=\dimen111
)

Package babel Warning: No hyphenation patterns were preloaded for
(babel)                the language `Spanish' into the format.
(babel)                Please, configure your TeX system to add them and
(babel)                rebuild the format. Now I will use the patterns
(babel)                preloaded for \language=0 instead on input line 51.

\l@spanish = a dialect from \language0
\es@quottoks=\toks21
\es@quotdepth=\count93
Package babel Info: Making " an active character on input line 561.
Package babel Info: Making . an active character on input line 662.
Package babel Info: Making < an active character on input line 707.
Package babel Info: Making > an active character on input line 707.
))
("C:\Users\rigo\OneDrive - ASESCOM RJ ABOGADOS EIRL\git\LetterGeneratorGUI\Lett
erApp\bin\Debug\latex\install\tex\latex\l3packages\xparse\xparse.sty"
("C:\Users\rigo\OneDrive - ASESCOM RJ ABOGADOS EIRL\git\LetterGeneratorGUI\Lett
erApp\bin\Debug\latex\install\tex\latex\l3kernel\expl3.sty"
Package: expl3 2017/07/19 L3 programming layer (loader) 

("C:\Users\rigo\OneDrive - ASESCOM RJ ABOGADOS EIRL\git\LetterGeneratorGUI\Lett
erApp\bin\Debug\latex\install\tex\latex\l3kernel\expl3-code.tex"
Package: expl3 2017/07/19 L3 programming layer (code)
\c_max_int=\count94
\l_tmpa_int=\count95
\l_tmpb_int=\count96
\g_tmpa_int=\count97
\g_tmpb_int=\count98
\g__intarray_font_int=\count99
\g__prg_map_int=\count100
\c_log_iow=\count101
\l_iow_line_count_int=\count102
\l__iow_line_target_int=\count103
\l__iow_one_indent_int=\count104
\l__iow_indent_int=\count105
\c_zero_dim=\dimen112
\c_max_dim=\dimen113
\l_tmpa_dim=\dimen114
\l_tmpb_dim=\dimen115
\g_tmpa_dim=\dimen116
\g_tmpb_dim=\dimen117
\c_zero_skip=\skip43
\c_max_skip=\skip44
\l_tmpa_skip=\skip45
\l_tmpb_skip=\skip46
\g_tmpa_skip=\skip47
\g_tmpb_skip=\skip48
\c_zero_muskip=\muskip10
\c_max_muskip=\muskip11
\l_tmpa_muskip=\muskip12
\l_tmpb_muskip=\muskip13
\g_tmpa_muskip=\muskip14
\g_tmpb_muskip=\muskip15
\l_keys_choice_int=\count106
\c__fp_leading_shift_int=\count107
\c__fp_middle_shift_int=\count108
\c__fp_trailing_shift_int=\count109
\c__fp_big_leading_shift_int=\count110
\c__fp_big_middle_shift_int=\count111
\c__fp_big_trailing_shift_int=\count112
\c__fp_Bigg_leading_shift_int=\count113
\c__fp_Bigg_middle_shift_int=\count114
\c__fp_Bigg_trailing_shift_int=\count115
\c__fp_rand_size_int=\count116
\c__fp_rand_four_int=\count117
\c__fp_rand_eight_int=\count118
\l__sort_length_int=\count119
\l__sort_min_int=\count120
\l__sort_top_int=\count121
\l__sort_max_int=\count122
\l__sort_true_max_int=\count123
\l__sort_block_int=\count124
\l__sort_begin_int=\count125
\l__sort_end_int=\count126
\l__sort_A_int=\count127
\l__sort_B_int=\count128
\l__sort_C_int=\count129
\l__tl_build_start_index_int=\count130
\l__tl_build_index_int=\count131
\l__tl_analysis_normal_int=\count132
\l__tl_analysis_index_int=\count133
\l__tl_analysis_nesting_int=\count134
\l__tl_analysis_type_int=\count135
\l__regex_internal_a_int=\count136
\l__regex_internal_b_int=\count137
\l__regex_internal_c_int=\count138
\l__regex_balance_int=\count139
\l__regex_group_level_int=\count140
\l__regex_mode_int=\count141
\c__regex_cs_in_class_mode_int=\count142
\c__regex_cs_mode_int=\count143
\l__regex_catcodes_int=\count144
\l__regex_default_catcodes_int=\count145
\c__regex_catcode_D_int=\count146
\c__regex_catcode_S_int=\count147
\c__regex_catcode_L_int=\count148
\c__regex_catcode_O_int=\count149
\c__regex_catcode_A_int=\count150
\c__regex_all_catcodes_int=\count151
\l__regex_show_lines_int=\count152
\l__regex_min_state_int=\count153
\l__regex_max_state_int=\count154
\l__regex_left_state_int=\count155
\l__regex_right_state_int=\count156
\l__regex_capturing_group_int=\count157
\l__regex_min_pos_int=\count158
\l__regex_max_pos_int=\count159
\l__regex_curr_pos_int=\count160
\l__regex_start_pos_int=\count161
\l__regex_success_pos_int=\count162
\l__regex_curr_char_int=\count163
\l__regex_curr_catcode_int=\count164
\l__regex_last_char_int=\count165
\l__regex_case_changed_char_int=\count166
\l__regex_curr_state_int=\count167
\l__regex_step_int=\count168
\l__regex_min_active_int=\count169
\l__regex_max_active_int=\count170
\l__regex_replacement_csnames_int=\count171
\l__regex_match_count_int=\count172
\l__regex_min_submatch_int=\count173
\l__regex_submatch_int=\count174
\l__regex_zeroth_submatch_int=\count175
\g__debug_trace_regex_int=\count176
\c_empty_box=\box26
\l_tmpa_box=\box27
\l_tmpb_box=\box28
\g_tmpa_box=\box29
\g_tmpb_box=\box30
\l__box_top_dim=\dimen118
\l__box_bottom_dim=\dimen119
\l__box_left_dim=\dimen120
\l__box_right_dim=\dimen121
\l__box_top_new_dim=\dimen122
\l__box_bottom_new_dim=\dimen123
\l__box_left_new_dim=\dimen124
\l__box_right_new_dim=\dimen125
\l__box_internal_box=\box31
\l__coffin_internal_box=\box32
\l__coffin_internal_dim=\dimen126
\l__coffin_offset_x_dim=\dimen127
\l__coffin_offset_y_dim=\dimen128
\l__coffin_x_dim=\dimen129
\l__coffin_y_dim=\dimen130
\l__coffin_x_prime_dim=\dimen131
\l__coffin_y_prime_dim=\dimen132
\c_empty_coffin=\box33
\l__coffin_aligned_coffin=\box34
\l__coffin_aligned_internal_coffin=\box35
\l_tmpa_coffin=\box36
\l_tmpb_coffin=\box37
\l__coffin_display_coffin=\box38
\l__coffin_display_coord_coffin=\box39
\l__coffin_display_pole_coffin=\box40
\l__coffin_display_offset_dim=\dimen133
\l__coffin_display_x_dim=\dimen134
\l__coffin_display_y_dim=\dimen135
\l__coffin_bounding_shift_dim=\dimen136
\l__coffin_left_corner_dim=\dimen137
\l__coffin_right_corner_dim=\dimen138
\l__coffin_bottom_corner_dim=\dimen139
\l__coffin_top_corner_dim=\dimen140
\l__coffin_scaled_total_height_dim=\dimen141
\l__coffin_scaled_width_dim=\dimen142
)
("C:\Users\rigo\OneDrive - ASESCOM RJ ABOGADOS EIRL\git\LetterGeneratorGUI\Lett
erApp\bin\Debug\latex\install\tex\latex\l3kernel\l3dvips.def"
File: l3dvips.def 2017/03/18 v L3 Experimental driver: dvips
))
Package: xparse 2017/07/19 L3 Experimental document command parser
\l__xparse_current_arg_int=\count177
\g__xparse_grabber_int=\count178
\l__xparse_m_args_int=\count179
\l__xparse_mandatory_args_int=\count180
\l__xparse_v_nesting_int=\count181
)
("C:\Users\rigo\OneDrive - ASESCOM RJ ABOGADOS EIRL\git\LetterGeneratorGUI\Lett
erApp\bin\Debug\latex\install\tex\latex\graphics\graphicx.sty"
Package: graphicx 2014/10/28 v1.0g Enhanced LaTeX Graphics (DPC,SPQR)

("C:\Users\rigo\OneDrive - ASESCOM RJ ABOGADOS EIRL\git\LetterGeneratorGUI\Lett
erApp\bin\Debug\latex\install\tex\latex\graphics\graphics.sty"
Package: graphics 2017/04/14 v1.1b Standard LaTeX Graphics (DPC,SPQR)

("C:\Users\rigo\OneDrive - ASESCOM RJ ABOGADOS EIRL\git\LetterGeneratorGUI\Lett
erApp\bin\Debug\latex\install\tex\latex\graphics\trig.sty"
Package: trig 2016/01/03 v1.10 sin cos tan (DPC)
)
("C:\Users\rigo\OneDrive - ASESCOM RJ ABOGADOS EIRL\git\LetterGeneratorGUI\Lett
erApp\bin\Debug\latex\install\tex\latex\graphics-cfg\graphics.cfg"
File: graphics.cfg 2016/06/04 v1.11 sample graphics configuration
)
Package graphics Info: Driver file: dvips.def on input line 99.

("C:\Users\rigo\OneDrive - ASESCOM RJ ABOGADOS EIRL\git\LetterGeneratorGUI\Lett
erApp\bin\Debug\latex\install\tex\latex\graphics-def\dvips.def"
File: dvips.def 2016/07/10 v3.1a Driver-dependent file (DPC,SPQR)
))
\Gin@req@height=\dimen143
\Gin@req@width=\dimen144
)
("C:\Users\rigo\OneDrive - ASESCOM RJ ABOGADOS EIRL\git\LetterGeneratorGUI\Lett
erApp\bin\Debug\latex\install\tex\latex\base\fontenc.sty"
Package: fontenc 2017/04/05 v2.0i Standard LaTeX package

("C:\Users\rigo\OneDrive - ASESCOM RJ ABOGADOS EIRL\git\LetterGeneratorGUI\Lett
erApp\bin\Debug\latex\install\tex\latex\base\t1enc.def"
File: t1enc.def 2017/04/05 v2.0i Standard LaTeX file
LaTeX Font Info:    Redeclaring font encoding T1 on input line 48.
))
("C:\Users\rigo\OneDrive - ASESCOM RJ ABOGADOS EIRL\git\LetterGeneratorGUI\Lett
erApp\bin\Debug\latex\install\tex\latex\alegreya\AlegreyaSans.sty"
Package: AlegreyaSans 2016/09/15 (Bob Tennent) Supports AlegreyaSans and Alegre
yaSansSC fonts for all LaTeX engines. 

("C:\Users\rigo\OneDrive - ASESCOM RJ ABOGADOS EIRL\git\LetterGeneratorGUI\Lett
erApp\bin\Debug\latex\install\tex\generic\oberdiek\ifluatex.sty"
Package: ifluatex 2016/05/16 v1.4 Provides the ifluatex switch (HO)
Package ifluatex Info: LuaTeX not detected.
)
("C:\Users\rigo\OneDrive - ASESCOM RJ ABOGADOS EIRL\git\LetterGeneratorGUI\Lett
erApp\bin\Debug\latex\install\tex\latex\base\textcomp.sty"
Package: textcomp 2017/04/05 v2.0i Standard LaTeX package
Package textcomp Info: Sub-encoding information:
(textcomp)               5 = only ISO-Adobe without \textcurrency
(textcomp)               4 = 5 + \texteuro
(textcomp)               3 = 4 + \textohm
(textcomp)               2 = 3 + \textestimated + \textcurrency
(textcomp)               1 = TS1 - \textcircled - \t
(textcomp)               0 = TS1 (full)
(textcomp)             Font families with sub-encoding setting implement
(textcomp)             only a restricted character set as indicated.
(textcomp)             Family '?' is the default used for unknown fonts.
(textcomp)             See the documentation for details.
Package textcomp Info: Setting ? sub-encoding to TS1/1 on input line 79.

("C:\Users\rigo\OneDrive - ASESCOM RJ ABOGADOS EIRL\git\LetterGeneratorGUI\Lett
erApp\bin\Debug\latex\install\tex\latex\base\ts1enc.def"
File: ts1enc.def 2001/06/05 v3.0e (jk/car/fm) Standard LaTeX file
)
LaTeX Info: Redefining \oldstylenums on input line 334.
Package textcomp Info: Setting cmr sub-encoding to TS1/0 on input line 349.
Package textcomp Info: Setting cmss sub-encoding to TS1/0 on input line 350.
Package textcomp Info: Setting cmtt sub-encoding to TS1/0 on input line 351.
Package textcomp Info: Setting cmvtt sub-encoding to TS1/0 on input line 352.
Package textcomp Info: Setting cmbr sub-encoding to TS1/0 on input line 353.
Package textcomp Info: Setting cmtl sub-encoding to TS1/0 on input line 354.
Package textcomp Info: Setting ccr sub-encoding to TS1/0 on input line 355.
Package textcomp Info: Setting ptm sub-encoding to TS1/4 on input line 356.
Package textcomp Info: Setting pcr sub-encoding to TS1/4 on input line 357.
Package textcomp Info: Setting phv sub-encoding to TS1/4 on input line 358.
Package textcomp Info: Setting ppl sub-encoding to TS1/3 on input line 359.
Package textcomp Info: Setting pag sub-encoding to TS1/4 on input line 360.
Package textcomp Info: Setting pbk sub-encoding to TS1/4 on input line 361.
Package textcomp Info: Setting pnc sub-encoding to TS1/4 on input line 362.
Package textcomp Info: Setting pzc sub-encoding to TS1/4 on input line 363.
Package textcomp Info: Setting bch sub-encoding to TS1/4 on input line 364.
Package textcomp Info: Setting put sub-encoding to TS1/5 on input line 365.
Package textcomp Info: Setting uag sub-encoding to TS1/5 on input line 366.
Package textcomp Info: Setting ugq sub-encoding to TS1/5 on input line 367.
Package textcomp Info: Setting ul8 sub-encoding to TS1/4 on input line 368.
Package textcomp Info: Setting ul9 sub-encoding to TS1/4 on input line 369.
Package textcomp Info: Setting augie sub-encoding to TS1/5 on input line 370.
Package textcomp Info: Setting dayrom sub-encoding to TS1/3 on input line 371.
Package textcomp Info: Setting dayroms sub-encoding to TS1/3 on input line 372.

Package textcomp Info: Setting pxr sub-encoding to TS1/0 on input line 373.
Package textcomp Info: Setting pxss sub-encoding to TS1/0 on input line 374.
Package textcomp Info: Setting pxtt sub-encoding to TS1/0 on input line 375.
Package textcomp Info: Setting txr sub-encoding to TS1/0 on input line 376.
Package textcomp Info: Setting txss sub-encoding to TS1/0 on input line 377.
Package textcomp Info: Setting txtt sub-encoding to TS1/0 on input line 378.
Package textcomp Info: Setting lmr sub-encoding to TS1/0 on input line 379.
Package textcomp Info: Setting lmdh sub-encoding to TS1/0 on input line 380.
Package textcomp Info: Setting lmss sub-encoding to TS1/0 on input line 381.
Package textcomp Info: Setting lmssq sub-encoding to TS1/0 on input line 382.
Package textcomp Info: Setting lmvtt sub-encoding to TS1/0 on input line 383.
Package textcomp Info: Setting lmtt sub-encoding to TS1/0 on input line 384.
Package textcomp Info: Setting qhv sub-encoding to TS1/0 on input line 385.
Package textcomp Info: Setting qag sub-encoding to TS1/0 on input line 386.
Package textcomp Info: Setting qbk sub-encoding to TS1/0 on input line 387.
Package textcomp Info: Setting qcr sub-encoding to TS1/0 on input line 388.
Package textcomp Info: Setting qcs sub-encoding to TS1/0 on input line 389.
Package textcomp Info: Setting qpl sub-encoding to TS1/0 on input line 390.
Package textcomp Info: Setting qtm sub-encoding to TS1/0 on input line 391.
Package textcomp Info: Setting qzc sub-encoding to TS1/0 on input line 392.
Package textcomp Info: Setting qhvc sub-encoding to TS1/0 on input line 393.
Package textcomp Info: Setting futs sub-encoding to TS1/4 on input line 394.
Package textcomp Info: Setting futx sub-encoding to TS1/4 on input line 395.
Package textcomp Info: Setting futj sub-encoding to TS1/4 on input line 396.
Package textcomp Info: Setting hlh sub-encoding to TS1/3 on input line 397.
Package textcomp Info: Setting hls sub-encoding to TS1/3 on input line 398.
Package textcomp Info: Setting hlst sub-encoding to TS1/3 on input line 399.
Package textcomp Info: Setting hlct sub-encoding to TS1/5 on input line 400.
Package textcomp Info: Setting hlx sub-encoding to TS1/5 on input line 401.
Package textcomp Info: Setting hlce sub-encoding to TS1/5 on input line 402.
Package textcomp Info: Setting hlcn sub-encoding to TS1/5 on input line 403.
Package textcomp Info: Setting hlcw sub-encoding to TS1/5 on input line 404.
Package textcomp Info: Setting hlcf sub-encoding to TS1/5 on input line 405.
Package textcomp Info: Setting pplx sub-encoding to TS1/3 on input line 406.
Package textcomp Info: Setting pplj sub-encoding to TS1/3 on input line 407.
Package textcomp Info: Setting ptmx sub-encoding to TS1/4 on input line 408.
Package textcomp Info: Setting ptmj sub-encoding to TS1/4 on input line 409.
)
("C:\Users\rigo\OneDrive - ASESCOM RJ ABOGADOS EIRL\git\LetterGeneratorGUI\Lett
erApp\bin\Debug\latex\install\tex\latex\xkeyval\xkeyval.sty"
Package: xkeyval 2014/12/03 v2.7a package option processing (HA)

("C:\Users\rigo\OneDrive - ASESCOM RJ ABOGADOS EIRL\git\LetterGeneratorGUI\Lett
erApp\bin\Debug\latex\install\tex\generic\xkeyval\xkeyval.tex"
("C:\Users\rigo\OneDrive - ASESCOM RJ ABOGADOS EIRL\git\LetterGeneratorGUI\Lett
erApp\bin\Debug\latex\install\tex\generic\xkeyval\xkvutils.tex"
\XKV@toks=\toks22
\XKV@tempa@toks=\toks23
)
\XKV@depth=\count182
File: xkeyval.tex 2014/12/03 v2.7a key=value parser (HA)
))
("C:\Users\rigo\OneDrive - ASESCOM RJ ABOGADOS EIRL\git\LetterGeneratorGUI\Lett
erApp\bin\Debug\latex\install\tex\latex\base\fontenc.sty"
Package: fontenc 2017/04/05 v2.0i Standard LaTeX package
)
("C:\Users\rigo\OneDrive - ASESCOM RJ ABOGADOS EIRL\git\LetterGeneratorGUI\Lett
erApp\bin\Debug\latex\install\tex\latex\fontaxes\fontaxes.sty"
Package: fontaxes 2014/03/23 v1.0d Font selection axes
LaTeX Info: Redefining \upshape on input line 29.
LaTeX Info: Redefining \itshape on input line 31.
LaTeX Info: Redefining \slshape on input line 33.
LaTeX Info: Redefining \scshape on input line 37.
)
("C:\Users\rigo\OneDrive - ASESCOM RJ ABOGADOS EIRL\git\LetterGeneratorGUI\Lett
erApp\bin\Debug\latex\install\tex\latex\mweights\mweights.sty"
Package: mweights 2017/03/30 (Bob Tennent) Support package for multiple-weight 
font packages. 
LaTeX Info: Redefining \bfseries on input line 22.
LaTeX Info: Redefining \mdseries on input line 30.
LaTeX Info: Redefining \rmfamily on input line 38.
LaTeX Info: Redefining \sffamily on input line 66.
LaTeX Info: Redefining \ttfamily on input line 94.
))
("C:\Users\rigo\OneDrive - ASESCOM RJ ABOGADOS EIRL\git\LetterGeneratorGUI\Lett
erApp\bin\Debug\latex\install\tex\latex\tools\array.sty"
Package: array 2016/10/06 v2.4d Tabular extension package (FMi)
\col@sep=\dimen145
\extrarowheight=\dimen146
\NC@list=\toks24
\extratabsurround=\skip49
\backup@length=\skip50
)
("C:\Users\rigo\OneDrive - ASESCOM RJ ABOGADOS EIRL\git\LetterGeneratorGUI\Lett
erApp\bin\Debug\latex\install\tex\latex\graphics\color.sty"
Package: color 2016/07/10 v1.1e Standard LaTeX Color (DPC)

("C:\Users\rigo\OneDrive - ASESCOM RJ ABOGADOS EIRL\git\LetterGeneratorGUI\Lett
erApp\bin\Debug\latex\install\tex\latex\graphics-cfg\color.cfg"
File: color.cfg 2016/01/02 v1.6 sample color configuration
)
Package color Info: Driver file: dvips.def on input line 147.

("C:\Users\rigo\OneDrive - ASESCOM RJ ABOGADOS EIRL\git\LetterGeneratorGUI\Lett
erApp\bin\Debug\latex\install\tex\latex\graphics\dvipsnam.def"
File: dvipsnam.def 2016/06/17 v3.0m Driver-dependent file (DPC,SPQR)
))
("C:\Users\rigo\OneDrive - ASESCOM RJ ABOGADOS EIRL\git\LetterGeneratorGUI\Lett
erApp\bin\Debug\latex\install\tex\latex\datetime\datetime.sty"
Package: datetime 2015/03/20 v2.60 Date Time Package

("C:\Users\rigo\OneDrive - ASESCOM RJ ABOGADOS EIRL\git\LetterGeneratorGUI\Lett
erApp\bin\Debug\latex\install\tex\latex\etoolbox\etoolbox.sty"
Package: etoolbox 2017/01/02 v2.4 e-TeX tools for LaTeX (JAW)
\etb@tempcnta=\count183
)
("C:\Users\rigo\OneDrive - ASESCOM RJ ABOGADOS EIRL\git\LetterGeneratorGUI\Lett
erApp\bin\Debug\latex\install\tex\latex\fmtcount\fmtcount.sty"
Package: fmtcount 2017/07/21 v3.03

("C:\Users\rigo\OneDrive - ASESCOM RJ ABOGADOS EIRL\git\LetterGeneratorGUI\Lett
erApp\bin\Debug\latex\install\tex\latex\base\ifthen.sty"
Package: ifthen 2014/09/29 v1.1c Standard LaTeX ifthen package (DPC)
)
("C:\Users\rigo\OneDrive - ASESCOM RJ ABOGADOS EIRL\git\LetterGeneratorGUI\Lett
erApp\bin\Debug\latex\install\tex\latex\fmtcount\fcprefix.sty"
Package: fcprefix 2012/09/28

("C:\Users\rigo\OneDrive - ASESCOM RJ ABOGADOS EIRL\git\LetterGeneratorGUI\Lett
erApp\bin\Debug\latex\install\tex\latex\fmtcount\fcnumparser.sty"
Package: fcnumparser 2017/06/15
\fc@digit@counter=\count184
))
("C:\Users\rigo\OneDrive - ASESCOM RJ ABOGADOS EIRL\git\LetterGeneratorGUI\Lett
erApp\bin\Debug\latex\install\tex\latex\amsmath\amsgen.sty"
File: amsgen.sty 1999/11/30 v2.0 generic functions
\@emptytoks=\toks25
\ex@=\dimen147
)
\c@padzeroesN=\count185
\fc@tmpcatcode=\count186
\@DT@modctr=\count187
\@ordinalctr=\count188
\@orgargctr=\count189
\@strctr=\count190
\@tmpstrctr=\count191
\@DT@loopN=\count192
\@DT@X=\count193
)
("C:\Users\rigo\OneDrive - ASESCOM RJ ABOGADOS EIRL\git\LetterGeneratorGUI\Lett
erApp\bin\Debug\latex\install\tex\latex\datetime\datetime-defaults.sty"
Package: datetime-defaults 2013/09/10
)
\@day=\count194
\@month=\count195
\@year=\count196
\c@HOUR=\count197
\c@HOURXII=\count198
\c@MINUTE=\count199
\c@TOHOUR=\count266
\c@TOMINUTE=\count267
\c@SECOND=\count268
\currenthour=\count269
\currentminute=\count270
\currentsecond=\count271
Package datetime Info: No datetime.cfg file found, using default settings on in
put line 308.
\@dtctr=\count272
\dayofyear=\count273
\dayofweek=\count274
LaTeX Info: Redefining \today on input line 736.

("C:\Users\rigo\OneDrive - ASESCOM RJ ABOGADOS EIRL\git\LetterGeneratorGUI\Lett
erApp\bin\Debug\latex\install\tex\latex\datetime\dt-spanish.def"
File: dt-spanish.def 2013/09/10
LaTeX Info: Redefining \datespanish on input line 85.
)
\dt@a=\toks26
\dt@b=\toks27
)
("C:\Users\rigo\OneDrive - ASESCOM RJ ABOGADOS EIRL\git\LetterGeneratorGUI\Lett
erApp\bin\Debug\latex\install\tex\latex\enumitem\enumitem.sty"
Package: enumitem 2011/09/28 v3.5.2 Customized lists
\labelindent=\skip51
\enit@outerparindent=\dimen148
\enit@toks=\toks28
\enit@inbox=\box41
\enitdp@description=\count275
)
No file letters-20-08-2017-08-08-19.aux.
\openout1 = `letters-20-08-2017-08-08-19.aux'.

LaTeX Font Info:    Checking defaults for OML/cmm/m/it on input line 31.
LaTeX Font Info:    ... okay on input line 31.
LaTeX Font Info:    Checking defaults for T1/cmr/m/n on input line 31.
LaTeX Font Info:    ... okay on input line 31.
LaTeX Font Info:    Checking defaults for OT1/cmr/m/n on input line 31.
LaTeX Font Info:    ... okay on input line 31.
LaTeX Font Info:    Checking defaults for OMS/cmsy/m/n on input line 31.
LaTeX Font Info:    ... okay on input line 31.
LaTeX Font Info:    Checking defaults for OMX/cmex/m/n on input line 31.
LaTeX Font Info:    ... okay on input line 31.
LaTeX Font Info:    Checking defaults for U/cmr/m/n on input line 31.
LaTeX Font Info:    ... okay on input line 31.
LaTeX Font Info:    Checking defaults for TS1/cmr/m/n on input line 31.
LaTeX Font Info:    Try loading font information for TS1+cmr on input line 31.

("C:\Users\rigo\OneDrive - ASESCOM RJ ABOGADOS EIRL\git\LetterGeneratorGUI\Lett
erApp\bin\Debug\latex\install\tex\latex\base\ts1cmr.fd"
File: ts1cmr.fd 2014/09/29 v2.5h Standard LaTeX font definitions
)
LaTeX Font Info:    ... okay on input line 31.
LaTeX Font Info:    Try loading font information for T1+AlegreyaSans-LF on inpu
t line 31.

("C:\Users\rigo\OneDrive - ASESCOM RJ ABOGADOS EIRL\git\LetterGeneratorGUI\Lett
erApp\bin\Debug\latex\install\tex\latex\alegreya\t1alegreyasans-lf.fd"
File: T1AlegreyaSans-LF.fd 2014/05/18 (autoinst) Font definitions for T1/Alegre
yaSans-LF.
)
LaTeX Font Info:    Font shape `T1/AlegreyaSans-LF/m/n' will be
(Font)              scaled to size 10.95pt on input line 31.

*geometry* driver: auto-detecting
*geometry* detected driver: dvips
*geometry* verbose mode - [ preamble ] result:
* driver: dvips
* paper: legalpaper
* layout: <same size as paper>
* layoutoffset:(h,v)=(0.0pt,0.0pt)
* modes: 
* h-part:(L,W,R)=(56.9055pt, 500.484pt, 56.9055pt)
* v-part:(T,H,B)=(64.01869pt, 897.969pt, 49.79231pt)
* \paperwidth=614.295pt
* \paperheight=1011.78pt
* \textwidth=500.484pt
* \textheight=897.969pt
* \oddsidemargin=-15.36449pt
* \evensidemargin=-15.36449pt
* \topmargin=-45.2513pt
* \headheight=12.0pt
* \headsep=25.0pt
* \topskip=11.0pt
* \footskip=30.0pt
* \marginparwidth=59.0pt
* \marginparsep=10.0pt
* \columnsep=10.0pt
* \skip\footins=10.0pt plus 4.0pt minus 2.0pt
* \hoffset=0.0pt
* \voffset=0.0pt
* \mag=1000
* \@twocolumnfalse
* \@twosidefalse
* \@mparswitchfalse
* \@reversemarginfalse
* (1in=72.27pt=25.4mm, 1cm=28.453pt)


("C:\Users\rigo\OneDrive - ASESCOM RJ ABOGADOS EIRL\git\LetterGeneratorGUI\Lett
erApp\bin\Debug\latex\install\tex\latex\ucs\ucsencs.def"
File: ucsencs.def 2011/01/21 Fixes to fontencodings LGR, T3
)
LaTeX Info: Redefining \. on input line 31.
LaTeX Info: Redefining \% on input line 31.
\c@mv@tabular=\count276
\c@mv@boldtabular=\count277
\openout2 = `48-horas-con-cargo-20-08-2017-08-08-19.aux'.


("C:\Users\rigo\OneDrive - ASESCOM RJ ABOGADOS EIRL\git\LetterGeneratorGUI\Lett
erApp\bin\Debug\temp\48-horas-con-cargo-20-08-2017-08-08-19.tex"
File: resources/logo.png Graphic file (type eps)

<resources/logo.png>
Underfull \hbox (badness 10000) in paragraph at lines 8--9

 []

File: resources/business_logo.png Graphic file (type eps)
<resources/business_logo.png>
LaTeX Font Info:    Font shape `T1/AlegreyaSans-LF/m/n' will be
(Font)              scaled to size 17.28pt on input line 27.
LaTeX Font Info:    Font shape `T1/AlegreyaSans-LF/b/n' will be
(Font)              scaled to size 17.28pt on input line 27.

("C:\Users\rigo\OneDrive - ASESCOM RJ ABOGADOS EIRL\git\LetterGeneratorGUI\Lett
erApp\bin\Debug\latex\install\tex\latex\ucs\uni-0.def"
File: uni-0.def 2013/05/13 UCS: Unicode data U+0000..U+00FF
)
LaTeX Font Info:    Font shape `T1/AlegreyaSans-LF/b/n' will be
(Font)              scaled to size 10.95pt on input line 38.
LaTeX Font Info:    Font shape `T1/AlegreyaSans-LF/b/n' will be
(Font)              scaled to size 12.0pt on input line 38.
LaTeX Font Info:    External font `cmex10' loaded for size
(Font)              <12> on input line 39.
LaTeX Font Info:    External font `cmex10' loaded for size
(Font)              <8> on input line 39.
LaTeX Font Info:    External font `cmex10' loaded for size
(Font)              <6> on input line 39.
LaTeX Font Info:    Font shape `T1/AlegreyaSans-LF/m/n' will be
(Font)              scaled to size 8.0pt on input line 51.
LaTeX Font Info:    External font `cmex10' loaded for size
(Font)              <5> on input line 52.
LaTeX Font Info:    Font shape `T1/AlegreyaSans-LF/b/n' will be
(Font)              scaled to size 8.0pt on input line 54.

Underfull \hbox (badness 10000) in paragraph at lines 61--64

 []

LaTeX Font Info:    External font `cmex10' loaded for size
(Font)              <10.95> on input line 67.
File: resources/lawyer_signature.png Graphic file (type eps)
<resources/lawyer_signature.png>
LaTeX Font Info:    Font shape `T1/AlegreyaSans-LF/m/n' will be
(Font)              scaled to size 10.0pt on input line 73.

Underfull \hbox (badness 10000) in paragraph at lines 70--76

 []

LaTeX Font Info:    Font shape `T1/AlegreyaSans-LF/m/n' will be
(Font)              scaled to size 9.0pt on input line 81.
LaTeX Font Info:    Font shape `T1/AlegreyaSans-LF/b/n' will be
(Font)              scaled to size 9.0pt on input line 88.
) [1


]
\openout2 = `48-horas-con-cargo-20-08-2017-08-08-19.aux'.


("C:\Users\rigo\OneDrive - ASESCOM RJ ABOGADOS EIRL\git\LetterGeneratorGUI\Lett
erApp\bin\Debug\temp\48-horas-con-cargo-20-08-2017-08-08-19.tex"
File: resources/logo.png Graphic file (type eps)

<resources/logo.png>
Underfull \hbox (badness 10000) in paragraph at lines 8--9

 []

File: resources/business_logo.png Graphic file (type eps)
<resources/business_logo.png>
Underfull \hbox (badness 10000) in paragraph at lines 61--64

 []

File: resources/lawyer_signature.png Graphic file (type eps)
<resources/lawyer_signature.png>
Underfull \hbox (badness 10000) in paragraph at lines 70--76

 []

) [2


]
\openout2 = `48-horas-con-cargo-20-08-2017-08-08-19.aux'.


("C:\Users\rigo\OneDrive - ASESCOM RJ ABOGADOS EIRL\git\LetterGeneratorGUI\Lett
erApp\bin\Debug\temp\48-horas-con-cargo-20-08-2017-08-08-19.tex"
File: resources/logo.png Graphic file (type eps)

<resources/logo.png>
Underfull \hbox (badness 10000) in paragraph at lines 8--9

 []

File: resources/business_logo.png Graphic file (type eps)
<resources/business_logo.png>
Underfull \hbox (badness 10000) in paragraph at lines 61--64

 []

File: resources/lawyer_signature.png Graphic file (type eps)
<resources/lawyer_signature.png>
Underfull \hbox (badness 10000) in paragraph at lines 70--76

 []

) [3


]
\openout2 = `48-horas-con-cargo-20-08-2017-08-08-19.aux'.


("C:\Users\rigo\OneDrive - ASESCOM RJ ABOGADOS EIRL\git\LetterGeneratorGUI\Lett
erApp\bin\Debug\temp\48-horas-con-cargo-20-08-2017-08-08-19.tex"
File: resources/logo.png Graphic file (type eps)

<resources/logo.png>
Underfull \hbox (badness 10000) in paragraph at lines 8--9

 []

File: resources/business_logo.png Graphic file (type eps)
<resources/business_logo.png>
Underfull \hbox (badness 10000) in paragraph at lines 61--64

 []

File: resources/lawyer_signature.png Graphic file (type eps)
<resources/lawyer_signature.png>
Underfull \hbox (badness 10000) in paragraph at lines 70--76

 []

) [4


]
\openout2 = `48-horas-con-cargo-20-08-2017-08-08-19.aux'.


("C:\Users\rigo\OneDrive - ASESCOM RJ ABOGADOS EIRL\git\LetterGeneratorGUI\Lett
erApp\bin\Debug\temp\48-horas-con-cargo-20-08-2017-08-08-19.tex"
File: resources/logo.png Graphic file (type eps)

<resources/logo.png>
Underfull \hbox (badness 10000) in paragraph at lines 8--9

 []

File: resources/business_logo.png Graphic file (type eps)
<resources/business_logo.png>
Underfull \hbox (badness 10000) in paragraph at lines 61--64

 []

File: resources/lawyer_signature.png Graphic file (type eps)
<resources/lawyer_signature.png>
Underfull \hbox (badness 10000) in paragraph at lines 70--76

 []

) [5


]
\openout2 = `48-horas-con-cargo-20-08-2017-08-08-19.aux'.


("C:\Users\rigo\OneDrive - ASESCOM RJ ABOGADOS EIRL\git\LetterGeneratorGUI\Lett
erApp\bin\Debug\temp\48-horas-con-cargo-20-08-2017-08-08-19.tex"
File: resources/logo.png Graphic file (type eps)

<resources/logo.png>
Underfull \hbox (badness 10000) in paragraph at lines 8--9

 []

File: resources/business_logo.png Graphic file (type eps)
<resources/business_logo.png>
Underfull \hbox (badness 10000) in paragraph at lines 61--64

 []

File: resources/lawyer_signature.png Graphic file (type eps)
<resources/lawyer_signature.png>
Underfull \hbox (badness 10000) in paragraph at lines 70--76

 []

) [6


]
\openout2 = `48-horas-con-cargo-20-08-2017-08-08-19.aux'.


("C:\Users\rigo\OneDrive - ASESCOM RJ ABOGADOS EIRL\git\LetterGeneratorGUI\Lett
erApp\bin\Debug\temp\48-horas-con-cargo-20-08-2017-08-08-19.tex"
File: resources/logo.png Graphic file (type eps)

<resources/logo.png>
Underfull \hbox (badness 10000) in paragraph at lines 8--9

 []

File: resources/business_logo.png Graphic file (type eps)
<resources/business_logo.png>
Underfull \hbox (badness 10000) in paragraph at lines 61--64

 []

File: resources/lawyer_signature.png Graphic file (type eps)
<resources/lawyer_signature.png>
Underfull \hbox (badness 10000) in paragraph at lines 70--76

 []

) [7


]
\openout2 = `48-horas-con-cargo-20-08-2017-08-08-19.aux'.


("C:\Users\rigo\OneDrive - ASESCOM RJ ABOGADOS EIRL\git\LetterGeneratorGUI\Lett
erApp\bin\Debug\temp\48-horas-con-cargo-20-08-2017-08-08-19.tex"
File: resources/logo.png Graphic file (type eps)

<resources/logo.png>
Underfull \hbox (badness 10000) in paragraph at lines 8--9

 []

File: resources/business_logo.png Graphic file (type eps)
<resources/business_logo.png>
Underfull \hbox (badness 10000) in paragraph at lines 61--64

 []

File: resources/lawyer_signature.png Graphic file (type eps)
<resources/lawyer_signature.png>
Underfull \hbox (badness 10000) in paragraph at lines 70--76

 []

) [8


]
\openout2 = `48-horas-con-cargo-20-08-2017-08-08-19.aux'.


("C:\Users\rigo\OneDrive - ASESCOM RJ ABOGADOS EIRL\git\LetterGeneratorGUI\Lett
erApp\bin\Debug\temp\48-horas-con-cargo-20-08-2017-08-08-19.tex"
File: resources/logo.png Graphic file (type eps)

<resources/logo.png>
Underfull \hbox (badness 10000) in paragraph at lines 8--9

 []

File: resources/business_logo.png Graphic file (type eps)
<resources/business_logo.png>
Underfull \hbox (badness 10000) in paragraph at lines 61--64

 []

File: resources/lawyer_signature.png Graphic file (type eps)
<resources/lawyer_signature.png>
Underfull \hbox (badness 10000) in paragraph at lines 70--76

 []

) [9


]
\openout2 = `48-horas-con-cargo-20-08-2017-08-08-19.aux'.


("C:\Users\rigo\OneDrive - ASESCOM RJ ABOGADOS EIRL\git\LetterGeneratorGUI\Lett
erApp\bin\Debug\temp\48-horas-con-cargo-20-08-2017-08-08-19.tex"
File: resources/logo.png Graphic file (type eps)

<resources/logo.png>
Underfull \hbox (badness 10000) in paragraph at lines 8--9

 []

File: resources/business_logo.png Graphic file (type eps)
<resources/business_logo.png>
Underfull \hbox (badness 10000) in paragraph at lines 61--64

 []

File: resources/lawyer_signature.png Graphic file (type eps)
<resources/lawyer_signature.png>
Underfull \hbox (badness 10000) in paragraph at lines 70--76

 []

) [10


]
\openout2 = `48-horas-con-cargo-20-08-2017-08-08-19.aux'.


("C:\Users\rigo\OneDrive - ASESCOM RJ ABOGADOS EIRL\git\LetterGeneratorGUI\Lett
erApp\bin\Debug\temp\48-horas-con-cargo-20-08-2017-08-08-19.tex"
File: resources/logo.png Graphic file (type eps)

<resources/logo.png>
Underfull \hbox (badness 10000) in paragraph at lines 8--9

 []

File: resources/business_logo.png Graphic file (type eps)
<resources/business_logo.png>
Underfull \hbox (badness 10000) in paragraph at lines 61--64

 []

File: resources/lawyer_signature.png Graphic file (type eps)
<resources/lawyer_signature.png>
Underfull \hbox (badness 10000) in paragraph at lines 70--76

 []

) [11


]
\openout2 = `48-horas-con-cargo-20-08-2017-08-08-19.aux'.


("C:\Users\rigo\OneDrive - ASESCOM RJ ABOGADOS EIRL\git\LetterGeneratorGUI\Lett
erApp\bin\Debug\temp\48-horas-con-cargo-20-08-2017-08-08-19.tex"
File: resources/logo.png Graphic file (type eps)

<resources/logo.png>
Underfull \hbox (badness 10000) in paragraph at lines 8--9

 []

File: resources/business_logo.png Graphic file (type eps)
<resources/business_logo.png>
Underfull \hbox (badness 10000) in paragraph at lines 61--64

 []

File: resources/lawyer_signature.png Graphic file (type eps)
<resources/lawyer_signature.png>
Underfull \hbox (badness 10000) in paragraph at lines 70--76

 []

) [12


]
\openout2 = `48-horas-con-cargo-20-08-2017-08-08-19.aux'.


("C:\Users\rigo\OneDrive - ASESCOM RJ ABOGADOS EIRL\git\LetterGeneratorGUI\Lett
erApp\bin\Debug\temp\48-horas-con-cargo-20-08-2017-08-08-19.tex"
File: resources/logo.png Graphic file (type eps)

<resources/logo.png>
Underfull \hbox (badness 10000) in paragraph at lines 8--9

 []

File: resources/business_logo.png Graphic file (type eps)
<resources/business_logo.png>
Underfull \hbox (badness 10000) in paragraph at lines 61--64

 []

File: resources/lawyer_signature.png Graphic file (type eps)
<resources/lawyer_signature.png>
Underfull \hbox (badness 10000) in paragraph at lines 70--76

 []

) [13


]
\openout2 = `48-horas-con-cargo-20-08-2017-08-08-19.aux'.


("C:\Users\rigo\OneDrive - ASESCOM RJ ABOGADOS EIRL\git\LetterGeneratorGUI\Lett
erApp\bin\Debug\temp\48-horas-con-cargo-20-08-2017-08-08-19.tex"
File: resources/logo.png Graphic file (type eps)

<resources/logo.png>
Underfull \hbox (badness 10000) in paragraph at lines 8--9

 []

File: resources/business_logo.png Graphic file (type eps)
<resources/business_logo.png>
Underfull \hbox (badness 10000) in paragraph at lines 61--64

 []

File: resources/lawyer_signature.png Graphic file (type eps)
<resources/lawyer_signature.png>
Underfull \hbox (badness 10000) in paragraph at lines 70--76

 []

) [14


]
\openout2 = `48-horas-con-cargo-20-08-2017-08-08-19.aux'.


("C:\Users\rigo\OneDrive - ASESCOM RJ ABOGADOS EIRL\git\LetterGeneratorGUI\Lett
erApp\bin\Debug\temp\48-horas-con-cargo-20-08-2017-08-08-19.tex"
File: resources/logo.png Graphic file (type eps)

<resources/logo.png>
Underfull \hbox (badness 10000) in paragraph at lines 8--9

 []

File: resources/business_logo.png Graphic file (type eps)
<resources/business_logo.png>
Underfull \hbox (badness 10000) in paragraph at lines 61--64

 []

File: resources/lawyer_signature.png Graphic file (type eps)
<resources/lawyer_signature.png>
Underfull \hbox (badness 10000) in paragraph at lines 70--76

 []

) [15


]
\openout2 = `48-horas-con-cargo-20-08-2017-08-08-19.aux'.


("C:\Users\rigo\OneDrive - ASESCOM RJ ABOGADOS EIRL\git\LetterGeneratorGUI\Lett
erApp\bin\Debug\temp\48-horas-con-cargo-20-08-2017-08-08-19.tex"
File: resources/logo.png Graphic file (type eps)

<resources/logo.png>
Underfull \hbox (badness 10000) in paragraph at lines 8--9

 []

File: resources/business_logo.png Graphic file (type eps)
<resources/business_logo.png>
Underfull \hbox (badness 10000) in paragraph at lines 61--64

 []

File: resources/lawyer_signature.png Graphic file (type eps)
<resources/lawyer_signature.png>
Underfull \hbox (badness 10000) in paragraph at lines 70--76

 []

) [16


]
\openout2 = `48-horas-con-cargo-20-08-2017-08-08-19.aux'.


("C:\Users\rigo\OneDrive - ASESCOM RJ ABOGADOS EIRL\git\LetterGeneratorGUI\Lett
erApp\bin\Debug\temp\48-horas-con-cargo-20-08-2017-08-08-19.tex"
File: resources/logo.png Graphic file (type eps)

<resources/logo.png>
Underfull \hbox (badness 10000) in paragraph at lines 8--9

 []

File: resources/business_logo.png Graphic file (type eps)
<resources/business_logo.png>
Underfull \hbox (badness 10000) in paragraph at lines 61--64

 []

File: resources/lawyer_signature.png Graphic file (type eps)
<resources/lawyer_signature.png>
Underfull \hbox (badness 10000) in paragraph at lines 70--76

 []

) [17


]
\openout2 = `48-horas-con-cargo-20-08-2017-08-08-19.aux'.


("C:\Users\rigo\OneDrive - ASESCOM RJ ABOGADOS EIRL\git\LetterGeneratorGUI\Lett
erApp\bin\Debug\temp\48-horas-con-cargo-20-08-2017-08-08-19.tex"
File: resources/logo.png Graphic file (type eps)

<resources/logo.png>
Underfull \hbox (badness 10000) in paragraph at lines 8--9

 []

File: resources/business_logo.png Graphic file (type eps)
<resources/business_logo.png>
Underfull \hbox (badness 10000) in paragraph at lines 61--64

 []

File: resources/lawyer_signature.png Graphic file (type eps)
<resources/lawyer_signature.png>
Underfull \hbox (badness 10000) in paragraph at lines 70--76

 []

) [18


]
\openout2 = `48-horas-con-cargo-20-08-2017-08-08-19.aux'.


("C:\Users\rigo\OneDrive - ASESCOM RJ ABOGADOS EIRL\git\LetterGeneratorGUI\Lett
erApp\bin\Debug\temp\48-horas-con-cargo-20-08-2017-08-08-19.tex"
File: resources/logo.png Graphic file (type eps)

<resources/logo.png>
Underfull \hbox (badness 10000) in paragraph at lines 8--9

 []

File: resources/business_logo.png Graphic file (type eps)
<resources/business_logo.png>
Underfull \hbox (badness 10000) in paragraph at lines 61--64

 []

File: resources/lawyer_signature.png Graphic file (type eps)
<resources/lawyer_signature.png>
Underfull \hbox (badness 10000) in paragraph at lines 70--76

 []

) [19


]
\openout2 = `48-horas-con-cargo-20-08-2017-08-08-19.aux'.


("C:\Users\rigo\OneDrive - ASESCOM RJ ABOGADOS EIRL\git\LetterGeneratorGUI\Lett
erApp\bin\Debug\temp\48-horas-con-cargo-20-08-2017-08-08-19.tex"
File: resources/logo.png Graphic file (type eps)

<resources/logo.png>
Underfull \hbox (badness 10000) in paragraph at lines 8--9

 []

File: resources/business_logo.png Graphic file (type eps)
<resources/business_logo.png>
Underfull \hbox (badness 10000) in paragraph at lines 61--64

 []

File: resources/lawyer_signature.png Graphic file (type eps)
<resources/lawyer_signature.png>
Underfull \hbox (badness 10000) in paragraph at lines 70--76

 []

) [20


]
\openout2 = `48-horas-con-cargo-20-08-2017-08-08-19.aux'.


("C:\Users\rigo\OneDrive - ASESCOM RJ ABOGADOS EIRL\git\LetterGeneratorGUI\Lett
erApp\bin\Debug\temp\48-horas-con-cargo-20-08-2017-08-08-19.tex"
File: resources/logo.png Graphic file (type eps)

<resources/logo.png>
Underfull \hbox (badness 10000) in paragraph at lines 8--9

 []

File: resources/business_logo.png Graphic file (type eps)
<resources/business_logo.png>
Underfull \hbox (badness 10000) in paragraph at lines 61--64

 []

File: resources/lawyer_signature.png Graphic file (type eps)
<resources/lawyer_signature.png>
Underfull \hbox (badness 10000) in paragraph at lines 70--76

 []

) [21


]
\openout2 = `48-horas-con-cargo-20-08-2017-08-08-19.aux'.


("C:\Users\rigo\OneDrive - ASESCOM RJ ABOGADOS EIRL\git\LetterGeneratorGUI\Lett
erApp\bin\Debug\temp\48-horas-con-cargo-20-08-2017-08-08-19.tex"
File: resources/logo.png Graphic file (type eps)

<resources/logo.png>
Underfull \hbox (badness 10000) in paragraph at lines 8--9

 []

File: resources/business_logo.png Graphic file (type eps)
<resources/business_logo.png>
Underfull \hbox (badness 10000) in paragraph at lines 61--64

 []

File: resources/lawyer_signature.png Graphic file (type eps)
<resources/lawyer_signature.png>
Underfull \hbox (badness 10000) in paragraph at lines 70--76

 []

) [22


]
\openout2 = `48-horas-con-cargo-20-08-2017-08-08-19.aux'.


("C:\Users\rigo\OneDrive - ASESCOM RJ ABOGADOS EIRL\git\LetterGeneratorGUI\Lett
erApp\bin\Debug\temp\48-horas-con-cargo-20-08-2017-08-08-19.tex"
File: resources/logo.png Graphic file (type eps)

<resources/logo.png>
Underfull \hbox (badness 10000) in paragraph at lines 8--9

 []

File: resources/business_logo.png Graphic file (type eps)
<resources/business_logo.png>
Underfull \hbox (badness 10000) in paragraph at lines 61--64

 []

File: resources/lawyer_signature.png Graphic file (type eps)
<resources/lawyer_signature.png>
Underfull \hbox (badness 10000) in paragraph at lines 70--76

 []

) [23


]
\openout2 = `48-horas-con-cargo-20-08-2017-08-08-19.aux'.


("C:\Users\rigo\OneDrive - ASESCOM RJ ABOGADOS EIRL\git\LetterGeneratorGUI\Lett
erApp\bin\Debug\temp\48-horas-con-cargo-20-08-2017-08-08-19.tex"
File: resources/logo.png Graphic file (type eps)

<resources/logo.png>
Underfull \hbox (badness 10000) in paragraph at lines 8--9

 []

File: resources/business_logo.png Graphic file (type eps)
<resources/business_logo.png>
Underfull \hbox (badness 10000) in paragraph at lines 61--64

 []

File: resources/lawyer_signature.png Graphic file (type eps)
<resources/lawyer_signature.png>
Underfull \hbox (badness 10000) in paragraph at lines 70--76

 []

) [24


]
\openout2 = `48-horas-con-cargo-20-08-2017-08-08-19.aux'.


("C:\Users\rigo\OneDrive - ASESCOM RJ ABOGADOS EIRL\git\LetterGeneratorGUI\Lett
erApp\bin\Debug\temp\48-horas-con-cargo-20-08-2017-08-08-19.tex"
File: resources/logo.png Graphic file (type eps)

<resources/logo.png>
Underfull \hbox (badness 10000) in paragraph at lines 8--9

 []

File: resources/business_logo.png Graphic file (type eps)
<resources/business_logo.png>
Underfull \hbox (badness 10000) in paragraph at lines 61--64

 []

File: resources/lawyer_signature.png Graphic file (type eps)
<resources/lawyer_signature.png>
Underfull \hbox (badness 10000) in paragraph at lines 70--76

 []

) [25


]
\openout2 = `48-horas-con-cargo-20-08-2017-08-08-19.aux'.


("C:\Users\rigo\OneDrive - ASESCOM RJ ABOGADOS EIRL\git\LetterGeneratorGUI\Lett
erApp\bin\Debug\temp\48-horas-con-cargo-20-08-2017-08-08-19.tex"
File: resources/logo.png Graphic file (type eps)

<resources/logo.png>
Underfull \hbox (badness 10000) in paragraph at lines 8--9

 []

File: resources/business_logo.png Graphic file (type eps)
<resources/business_logo.png>
Underfull \hbox (badness 10000) in paragraph at lines 61--64

 []

File: resources/lawyer_signature.png Graphic file (type eps)
<resources/lawyer_signature.png>
Underfull \hbox (badness 10000) in paragraph at lines 70--76

 []

) [26


]
\openout2 = `48-horas-con-cargo-20-08-2017-08-08-19.aux'.


("C:\Users\rigo\OneDrive - ASESCOM RJ ABOGADOS EIRL\git\LetterGeneratorGUI\Lett
erApp\bin\Debug\temp\48-horas-con-cargo-20-08-2017-08-08-19.tex"
File: resources/logo.png Graphic file (type eps)

<resources/logo.png>
Underfull \hbox (badness 10000) in paragraph at lines 8--9

 []

File: resources/business_logo.png Graphic file (type eps)
<resources/business_logo.png>
Underfull \hbox (badness 10000) in paragraph at lines 61--64

 []

File: resources/lawyer_signature.png Graphic file (type eps)
<resources/lawyer_signature.png>
Underfull \hbox (badness 10000) in paragraph at lines 70--76

 []

) [27


]
\openout2 = `48-horas-con-cargo-20-08-2017-08-08-19.aux'.


("C:\Users\rigo\OneDrive - ASESCOM RJ ABOGADOS EIRL\git\LetterGeneratorGUI\Lett
erApp\bin\Debug\temp\48-horas-con-cargo-20-08-2017-08-08-19.tex"
File: resources/logo.png Graphic file (type eps)

<resources/logo.png>
Underfull \hbox (badness 10000) in paragraph at lines 8--9

 []

File: resources/business_logo.png Graphic file (type eps)
<resources/business_logo.png>
Underfull \hbox (badness 10000) in paragraph at lines 61--64

 []

File: resources/lawyer_signature.png Graphic file (type eps)
<resources/lawyer_signature.png>
Underfull \hbox (badness 10000) in paragraph at lines 70--76

 []

) [28


]
\openout2 = `48-horas-con-cargo-20-08-2017-08-08-19.aux'.


("C:\Users\rigo\OneDrive - ASESCOM RJ ABOGADOS EIRL\git\LetterGeneratorGUI\Lett
erApp\bin\Debug\temp\48-horas-con-cargo-20-08-2017-08-08-19.tex"
File: resources/logo.png Graphic file (type eps)

<resources/logo.png>
Underfull \hbox (badness 10000) in paragraph at lines 8--9

 []

File: resources/business_logo.png Graphic file (type eps)
<resources/business_logo.png>
Underfull \hbox (badness 10000) in paragraph at lines 61--64

 []

File: resources/lawyer_signature.png Graphic file (type eps)
<resources/lawyer_signature.png>
Underfull \hbox (badness 10000) in paragraph at lines 70--76

 []

) [29


]
\openout2 = `48-horas-con-cargo-20-08-2017-08-08-19.aux'.


("C:\Users\rigo\OneDrive - ASESCOM RJ ABOGADOS EIRL\git\LetterGeneratorGUI\Lett
erApp\bin\Debug\temp\48-horas-con-cargo-20-08-2017-08-08-19.tex"
File: resources/logo.png Graphic file (type eps)

<resources/logo.png>
Underfull \hbox (badness 10000) in paragraph at lines 8--9

 []

File: resources/business_logo.png Graphic file (type eps)
<resources/business_logo.png>
Underfull \hbox (badness 10000) in paragraph at lines 61--64

 []

File: resources/lawyer_signature.png Graphic file (type eps)
<resources/lawyer_signature.png>
Underfull \hbox (badness 10000) in paragraph at lines 70--76

 []

) [30


]
\openout2 = `48-horas-con-cargo-20-08-2017-08-08-19.aux'.


("C:\Users\rigo\OneDrive - ASESCOM RJ ABOGADOS EIRL\git\LetterGeneratorGUI\Lett
erApp\bin\Debug\temp\48-horas-con-cargo-20-08-2017-08-08-19.tex"
File: resources/logo.png Graphic file (type eps)

<resources/logo.png>
Underfull \hbox (badness 10000) in paragraph at lines 8--9

 []

File: resources/business_logo.png Graphic file (type eps)
<resources/business_logo.png>
Underfull \hbox (badness 10000) in paragraph at lines 61--64

 []

File: resources/lawyer_signature.png Graphic file (type eps)
<resources/lawyer_signature.png>
Underfull \hbox (badness 10000) in paragraph at lines 70--76

 []

) [31


]
\openout2 = `48-horas-con-cargo-20-08-2017-08-08-19.aux'.


("C:\Users\rigo\OneDrive - ASESCOM RJ ABOGADOS EIRL\git\LetterGeneratorGUI\Lett
erApp\bin\Debug\temp\48-horas-con-cargo-20-08-2017-08-08-19.tex"
File: resources/logo.png Graphic file (type eps)

<resources/logo.png>
Underfull \hbox (badness 10000) in paragraph at lines 8--9

 []

File: resources/business_logo.png Graphic file (type eps)
<resources/business_logo.png>
Underfull \hbox (badness 10000) in paragraph at lines 61--64

 []

File: resources/lawyer_signature.png Graphic file (type eps)
<resources/lawyer_signature.png>
Underfull \hbox (badness 10000) in paragraph at lines 70--76

 []

) [32


]
\openout2 = `48-horas-con-cargo-20-08-2017-08-08-19.aux'.


("C:\Users\rigo\OneDrive - ASESCOM RJ ABOGADOS EIRL\git\LetterGeneratorGUI\Lett
erApp\bin\Debug\temp\48-horas-con-cargo-20-08-2017-08-08-19.tex"
File: resources/logo.png Graphic file (type eps)

<resources/logo.png>
Underfull \hbox (badness 10000) in paragraph at lines 8--9

 []

File: resources/business_logo.png Graphic file (type eps)
<resources/business_logo.png>
Underfull \hbox (badness 10000) in paragraph at lines 61--64

 []

File: resources/lawyer_signature.png Graphic file (type eps)
<resources/lawyer_signature.png>
Underfull \hbox (badness 10000) in paragraph at lines 70--76

 []

) [33


]
\openout2 = `48-horas-con-cargo-20-08-2017-08-08-19.aux'.


("C:\Users\rigo\OneDrive - ASESCOM RJ ABOGADOS EIRL\git\LetterGeneratorGUI\Lett
erApp\bin\Debug\temp\48-horas-con-cargo-20-08-2017-08-08-19.tex"
File: resources/logo.png Graphic file (type eps)

<resources/logo.png>
Underfull \hbox (badness 10000) in paragraph at lines 8--9

 []

File: resources/business_logo.png Graphic file (type eps)
<resources/business_logo.png>
Underfull \hbox (badness 10000) in paragraph at lines 61--64

 []

File: resources/lawyer_signature.png Graphic file (type eps)
<resources/lawyer_signature.png>
Underfull \hbox (badness 10000) in paragraph at lines 70--76

 []

) [34


]
\openout2 = `48-horas-con-cargo-20-08-2017-08-08-19.aux'.


("C:\Users\rigo\OneDrive - ASESCOM RJ ABOGADOS EIRL\git\LetterGeneratorGUI\Lett
erApp\bin\Debug\temp\48-horas-con-cargo-20-08-2017-08-08-19.tex"
File: resources/logo.png Graphic file (type eps)

<resources/logo.png>
Underfull \hbox (badness 10000) in paragraph at lines 8--9

 []

File: resources/business_logo.png Graphic file (type eps)
<resources/business_logo.png>
Underfull \hbox (badness 10000) in paragraph at lines 61--64

 []

File: resources/lawyer_signature.png Graphic file (type eps)
<resources/lawyer_signature.png>
Underfull \hbox (badness 10000) in paragraph at lines 70--76

 []

) [35


]
\openout2 = `48-horas-con-cargo-20-08-2017-08-08-19.aux'.


("C:\Users\rigo\OneDrive - ASESCOM RJ ABOGADOS EIRL\git\LetterGeneratorGUI\Lett
erApp\bin\Debug\temp\48-horas-con-cargo-20-08-2017-08-08-19.tex"
File: resources/logo.png Graphic file (type eps)

<resources/logo.png>
Underfull \hbox (badness 10000) in paragraph at lines 8--9

 []

File: resources/business_logo.png Graphic file (type eps)
<resources/business_logo.png>
Underfull \hbox (badness 10000) in paragraph at lines 61--64

 []

File: resources/lawyer_signature.png Graphic file (type eps)
<resources/lawyer_signature.png>
Underfull \hbox (badness 10000) in paragraph at lines 70--76

 []

) [36


]
\openout2 = `48-horas-con-cargo-20-08-2017-08-08-19.aux'.


("C:\Users\rigo\OneDrive - ASESCOM RJ ABOGADOS EIRL\git\LetterGeneratorGUI\Lett
erApp\bin\Debug\temp\48-horas-con-cargo-20-08-2017-08-08-19.tex"
File: resources/logo.png Graphic file (type eps)

<resources/logo.png>
Underfull \hbox (badness 10000) in paragraph at lines 8--9

 []

File: resources/business_logo.png Graphic file (type eps)
<resources/business_logo.png>
Underfull \hbox (badness 10000) in paragraph at lines 61--64

 []

File: resources/lawyer_signature.png Graphic file (type eps)
<resources/lawyer_signature.png>
Underfull \hbox (badness 10000) in paragraph at lines 70--76

 []

) [37


]
\openout2 = `48-horas-con-cargo-20-08-2017-08-08-19.aux'.


("C:\Users\rigo\OneDrive - ASESCOM RJ ABOGADOS EIRL\git\LetterGeneratorGUI\Lett
erApp\bin\Debug\temp\48-horas-con-cargo-20-08-2017-08-08-19.tex"
File: resources/logo.png Graphic file (type eps)

<resources/logo.png>
Underfull \hbox (badness 10000) in paragraph at lines 8--9

 []

File: resources/business_logo.png Graphic file (type eps)
<resources/business_logo.png>
Underfull \hbox (badness 10000) in paragraph at lines 61--64

 []

File: resources/lawyer_signature.png Graphic file (type eps)
<resources/lawyer_signature.png>
Underfull \hbox (badness 10000) in paragraph at lines 70--76

 []

) [38


]
\openout2 = `48-horas-con-cargo-20-08-2017-08-08-19.aux'.


("C:\Users\rigo\OneDrive - ASESCOM RJ ABOGADOS EIRL\git\LetterGeneratorGUI\Lett
erApp\bin\Debug\temp\48-horas-con-cargo-20-08-2017-08-08-19.tex"
File: resources/logo.png Graphic file (type eps)

<resources/logo.png>
Underfull \hbox (badness 10000) in paragraph at lines 8--9

 []

File: resources/business_logo.png Graphic file (type eps)
<resources/business_logo.png>
Underfull \hbox (badness 10000) in paragraph at lines 61--64

 []

File: resources/lawyer_signature.png Graphic file (type eps)
<resources/lawyer_signature.png>
Underfull \hbox (badness 10000) in paragraph at lines 70--76

 []

) [39


]
\openout2 = `48-horas-con-cargo-20-08-2017-08-08-19.aux'.


("C:\Users\rigo\OneDrive - ASESCOM RJ ABOGADOS EIRL\git\LetterGeneratorGUI\Lett
erApp\bin\Debug\temp\48-horas-con-cargo-20-08-2017-08-08-19.tex"
File: resources/logo.png Graphic file (type eps)

<resources/logo.png>
Underfull \hbox (badness 10000) in paragraph at lines 8--9

 []

File: resources/business_logo.png Graphic file (type eps)
<resources/business_logo.png>
Underfull \hbox (badness 10000) in paragraph at lines 61--64

 []

File: resources/lawyer_signature.png Graphic file (type eps)
<resources/lawyer_signature.png>
Underfull \hbox (badness 10000) in paragraph at lines 70--76

 []

) [40


]
\openout2 = `48-horas-con-cargo-20-08-2017-08-08-19.aux'.


("C:\Users\rigo\OneDrive - ASESCOM RJ ABOGADOS EIRL\git\LetterGeneratorGUI\Lett
erApp\bin\Debug\temp\48-horas-con-cargo-20-08-2017-08-08-19.tex"
File: resources/logo.png Graphic file (type eps)

<resources/logo.png>
Underfull \hbox (badness 10000) in paragraph at lines 8--9

 []

File: resources/business_logo.png Graphic file (type eps)
<resources/business_logo.png>
Underfull \hbox (badness 10000) in paragraph at lines 61--64

 []

File: resources/lawyer_signature.png Graphic file (type eps)
<resources/lawyer_signature.png>
Underfull \hbox (badness 10000) in paragraph at lines 70--76

 []

) [41


]
\openout2 = `48-horas-con-cargo-20-08-2017-08-08-19.aux'.


("C:\Users\rigo\OneDrive - ASESCOM RJ ABOGADOS EIRL\git\LetterGeneratorGUI\Lett
erApp\bin\Debug\temp\48-horas-con-cargo-20-08-2017-08-08-19.tex"
File: resources/logo.png Graphic file (type eps)

<resources/logo.png>
Underfull \hbox (badness 10000) in paragraph at lines 8--9

 []

File: resources/business_logo.png Graphic file (type eps)
<resources/business_logo.png>
Underfull \hbox (badness 10000) in paragraph at lines 61--64

 []

File: resources/lawyer_signature.png Graphic file (type eps)
<resources/lawyer_signature.png>
Underfull \hbox (badness 10000) in paragraph at lines 70--76

 []

) [42


]
\openout2 = `48-horas-con-cargo-20-08-2017-08-08-19.aux'.


("C:\Users\rigo\OneDrive - ASESCOM RJ ABOGADOS EIRL\git\LetterGeneratorGUI\Lett
erApp\bin\Debug\temp\48-horas-con-cargo-20-08-2017-08-08-19.tex"
File: resources/logo.png Graphic file (type eps)

<resources/logo.png>
Underfull \hbox (badness 10000) in paragraph at lines 8--9

 []

File: resources/business_logo.png Graphic file (type eps)
<resources/business_logo.png>
Underfull \hbox (badness 10000) in paragraph at lines 61--64

 []

File: resources/lawyer_signature.png Graphic file (type eps)
<resources/lawyer_signature.png>
Underfull \hbox (badness 10000) in paragraph at lines 70--76

 []

) [43


]
\openout2 = `48-horas-con-cargo-20-08-2017-08-08-19.aux'.


("C:\Users\rigo\OneDrive - ASESCOM RJ ABOGADOS EIRL\git\LetterGeneratorGUI\Lett
erApp\bin\Debug\temp\48-horas-con-cargo-20-08-2017-08-08-19.tex"
File: resources/logo.png Graphic file (type eps)

<resources/logo.png>
Underfull \hbox (badness 10000) in paragraph at lines 8--9

 []

File: resources/business_logo.png Graphic file (type eps)
<resources/business_logo.png>
Underfull \hbox (badness 10000) in paragraph at lines 61--64

 []

File: resources/lawyer_signature.png Graphic file (type eps)
<resources/lawyer_signature.png>
Underfull \hbox (badness 10000) in paragraph at lines 70--76

 []

) [44


]
\openout2 = `48-horas-con-cargo-20-08-2017-08-08-19.aux'.


("C:\Users\rigo\OneDrive - ASESCOM RJ ABOGADOS EIRL\git\LetterGeneratorGUI\Lett
erApp\bin\Debug\temp\48-horas-con-cargo-20-08-2017-08-08-19.tex"
File: resources/logo.png Graphic file (type eps)

<resources/logo.png>
Underfull \hbox (badness 10000) in paragraph at lines 8--9

 []

File: resources/business_logo.png Graphic file (type eps)
<resources/business_logo.png>
Underfull \hbox (badness 10000) in paragraph at lines 61--64

 []

File: resources/lawyer_signature.png Graphic file (type eps)
<resources/lawyer_signature.png>
Underfull \hbox (badness 10000) in paragraph at lines 70--76

 []

) [45


]
\openout2 = `48-horas-con-cargo-20-08-2017-08-08-19.aux'.


("C:\Users\rigo\OneDrive - ASESCOM RJ ABOGADOS EIRL\git\LetterGeneratorGUI\Lett
erApp\bin\Debug\temp\48-horas-con-cargo-20-08-2017-08-08-19.tex"
File: resources/logo.png Graphic file (type eps)

<resources/logo.png>
Underfull \hbox (badness 10000) in paragraph at lines 8--9

 []

File: resources/business_logo.png Graphic file (type eps)
<resources/business_logo.png>
Underfull \hbox (badness 10000) in paragraph at lines 61--64

 []

File: resources/lawyer_signature.png Graphic file (type eps)
<resources/lawyer_signature.png>
Underfull \hbox (badness 10000) in paragraph at lines 70--76

 []

) [46


]
\openout2 = `48-horas-con-cargo-20-08-2017-08-08-19.aux'.


("C:\Users\rigo\OneDrive - ASESCOM RJ ABOGADOS EIRL\git\LetterGeneratorGUI\Lett
erApp\bin\Debug\temp\48-horas-con-cargo-20-08-2017-08-08-19.tex"
File: resources/logo.png Graphic file (type eps)

<resources/logo.png>
Underfull \hbox (badness 10000) in paragraph at lines 8--9

 []

File: resources/business_logo.png Graphic file (type eps)
<resources/business_logo.png>
Underfull \hbox (badness 10000) in paragraph at lines 61--64

 []

File: resources/lawyer_signature.png Graphic file (type eps)
<resources/lawyer_signature.png>
Underfull \hbox (badness 10000) in paragraph at lines 70--76

 []

) [47


]
\openout2 = `48-horas-con-cargo-20-08-2017-08-08-19.aux'.


("C:\Users\rigo\OneDrive - ASESCOM RJ ABOGADOS EIRL\git\LetterGeneratorGUI\Lett
erApp\bin\Debug\temp\48-horas-con-cargo-20-08-2017-08-08-19.tex"
File: resources/logo.png Graphic file (type eps)

<resources/logo.png>
Underfull \hbox (badness 10000) in paragraph at lines 8--9

 []

File: resources/business_logo.png Graphic file (type eps)
<resources/business_logo.png>
Underfull \hbox (badness 10000) in paragraph at lines 61--64

 []

File: resources/lawyer_signature.png Graphic file (type eps)
<resources/lawyer_signature.png>
Underfull \hbox (badness 10000) in paragraph at lines 70--76

 []

) [48


]
\openout2 = `48-horas-con-cargo-20-08-2017-08-08-19.aux'.


("C:\Users\rigo\OneDrive - ASESCOM RJ ABOGADOS EIRL\git\LetterGeneratorGUI\Lett
erApp\bin\Debug\temp\48-horas-con-cargo-20-08-2017-08-08-19.tex"
File: resources/logo.png Graphic file (type eps)

<resources/logo.png>
Underfull \hbox (badness 10000) in paragraph at lines 8--9

 []

File: resources/business_logo.png Graphic file (type eps)
<resources/business_logo.png>
Underfull \hbox (badness 10000) in paragraph at lines 61--64

 []

File: resources/lawyer_signature.png Graphic file (type eps)
<resources/lawyer_signature.png>
Underfull \hbox (badness 10000) in paragraph at lines 70--76

 []

) [49


]
\openout2 = `48-horas-con-cargo-20-08-2017-08-08-19.aux'.


("C:\Users\rigo\OneDrive - ASESCOM RJ ABOGADOS EIRL\git\LetterGeneratorGUI\Lett
erApp\bin\Debug\temp\48-horas-con-cargo-20-08-2017-08-08-19.tex"
File: resources/logo.png Graphic file (type eps)

<resources/logo.png>
Underfull \hbox (badness 10000) in paragraph at lines 8--9

 []

File: resources/business_logo.png Graphic file (type eps)
<resources/business_logo.png>
Underfull \hbox (badness 10000) in paragraph at lines 61--64

 []

File: resources/lawyer_signature.png Graphic file (type eps)
<resources/lawyer_signature.png>
Underfull \hbox (badness 10000) in paragraph at lines 70--76

 []

) [50


]
\openout2 = `48-horas-con-cargo-20-08-2017-08-08-19.aux'.


("C:\Users\rigo\OneDrive - ASESCOM RJ ABOGADOS EIRL\git\LetterGeneratorGUI\Lett
erApp\bin\Debug\temp\48-horas-con-cargo-20-08-2017-08-08-19.tex"
File: resources/logo.png Graphic file (type eps)

<resources/logo.png>
Underfull \hbox (badness 10000) in paragraph at lines 8--9

 []

File: resources/business_logo.png Graphic file (type eps)
<resources/business_logo.png>
Underfull \hbox (badness 10000) in paragraph at lines 61--64

 []

File: resources/lawyer_signature.png Graphic file (type eps)
<resources/lawyer_signature.png>
Underfull \hbox (badness 10000) in paragraph at lines 70--76

 []

) [51


]
("C:\Users\rigo\OneDrive - ASESCOM RJ ABOGADOS EIRL\git\LetterGeneratorGUI\Lett
erApp\bin\Debug\temp\letters-20-08-2017-08-08-19.aux"
("C:\Users\rigo\OneDrive - ASESCOM RJ ABOGADOS EIRL\git\LetterGeneratorGUI\Lett
erApp\bin\Debug\temp\48-horas-con-cargo-20-08-2017-08-08-19.aux")
LaTeX Info: Redefining \. on input line 7.
LaTeX Info: Redefining \% on input line 7.

("C:\Users\rigo\OneDrive - ASESCOM RJ ABOGADOS EIRL\git\LetterGeneratorGUI\Lett
erApp\bin\Debug\temp\48-horas-con-cargo-20-08-2017-08-08-19.aux")
("C:\Users\rigo\OneDrive - ASESCOM RJ ABOGADOS EIRL\git\LetterGeneratorGUI\Lett
erApp\bin\Debug\temp\48-horas-con-cargo-20-08-2017-08-08-19.aux")
("C:\Users\rigo\OneDrive - ASESCOM RJ ABOGADOS EIRL\git\LetterGeneratorGUI\Lett
erApp\bin\Debug\temp\48-horas-con-cargo-20-08-2017-08-08-19.aux")
("C:\Users\rigo\OneDrive - ASESCOM RJ ABOGADOS EIRL\git\LetterGeneratorGUI\Lett
erApp\bin\Debug\temp\48-horas-con-cargo-20-08-2017-08-08-19.aux")
("C:\Users\rigo\OneDrive - ASESCOM RJ ABOGADOS EIRL\git\LetterGeneratorGUI\Lett
erApp\bin\Debug\temp\48-horas-con-cargo-20-08-2017-08-08-19.aux")
("C:\Users\rigo\OneDrive - ASESCOM RJ ABOGADOS EIRL\git\LetterGeneratorGUI\Lett
erApp\bin\Debug\temp\48-horas-con-cargo-20-08-2017-08-08-19.aux")
("C:\Users\rigo\OneDrive - ASESCOM RJ ABOGADOS EIRL\git\LetterGeneratorGUI\Lett
erApp\bin\Debug\temp\48-horas-con-cargo-20-08-2017-08-08-19.aux")
("C:\Users\rigo\OneDrive - ASESCOM RJ ABOGADOS EIRL\git\LetterGeneratorGUI\Lett
erApp\bin\Debug\temp\48-horas-con-cargo-20-08-2017-08-08-19.aux")
("C:\Users\rigo\OneDrive - ASESCOM RJ ABOGADOS EIRL\git\LetterGeneratorGUI\Lett
erApp\bin\Debug\temp\48-horas-con-cargo-20-08-2017-08-08-19.aux")
("C:\Users\rigo\OneDrive - ASESCOM RJ ABOGADOS EIRL\git\LetterGeneratorGUI\Lett
erApp\bin\Debug\temp\48-horas-con-cargo-20-08-2017-08-08-19.aux")
("C:\Users\rigo\OneDrive - ASESCOM RJ ABOGADOS EIRL\git\LetterGeneratorGUI\Lett
erApp\bin\Debug\temp\48-horas-con-cargo-20-08-2017-08-08-19.aux")
("C:\Users\rigo\OneDrive - ASESCOM RJ ABOGADOS EIRL\git\LetterGeneratorGUI\Lett
erApp\bin\Debug\temp\48-horas-con-cargo-20-08-2017-08-08-19.aux")
("C:\Users\rigo\OneDrive - ASESCOM RJ ABOGADOS EIRL\git\LetterGeneratorGUI\Lett
erApp\bin\Debug\temp\48-horas-con-cargo-20-08-2017-08-08-19.aux")
("C:\Users\rigo\OneDrive - ASESCOM RJ ABOGADOS EIRL\git\LetterGeneratorGUI\Lett
erApp\bin\Debug\temp\48-horas-con-cargo-20-08-2017-08-08-19.aux")
("C:\Users\rigo\OneDrive - ASESCOM RJ ABOGADOS EIRL\git\LetterGeneratorGUI\Lett
erApp\bin\Debug\temp\48-horas-con-cargo-20-08-2017-08-08-19.aux")
("C:\Users\rigo\OneDrive - ASESCOM RJ ABOGADOS EIRL\git\LetterGeneratorGUI\Lett
erApp\bin\Debug\temp\48-horas-con-cargo-20-08-2017-08-08-19.aux")
("C:\Users\rigo\OneDrive - ASESCOM RJ ABOGADOS EIRL\git\LetterGeneratorGUI\Lett
erApp\bin\Debug\temp\48-horas-con-cargo-20-08-2017-08-08-19.aux")
("C:\Users\rigo\OneDrive - ASESCOM RJ ABOGADOS EIRL\git\LetterGeneratorGUI\Lett
erApp\bin\Debug\temp\48-horas-con-cargo-20-08-2017-08-08-19.aux")
("C:\Users\rigo\OneDrive - ASESCOM RJ ABOGADOS EIRL\git\LetterGeneratorGUI\Lett
erApp\bin\Debug\temp\48-horas-con-cargo-20-08-2017-08-08-19.aux")
("C:\Users\rigo\OneDrive - ASESCOM RJ ABOGADOS EIRL\git\LetterGeneratorGUI\Lett
erApp\bin\Debug\temp\48-horas-con-cargo-20-08-2017-08-08-19.aux")
("C:\Users\rigo\OneDrive - ASESCOM RJ ABOGADOS EIRL\git\LetterGeneratorGUI\Lett
erApp\bin\Debug\temp\48-horas-con-cargo-20-08-2017-08-08-19.aux")
("C:\Users\rigo\OneDrive - ASESCOM RJ ABOGADOS EIRL\git\LetterGeneratorGUI\Lett
erApp\bin\Debug\temp\48-horas-con-cargo-20-08-2017-08-08-19.aux")
("C:\Users\rigo\OneDrive - ASESCOM RJ ABOGADOS EIRL\git\LetterGeneratorGUI\Lett
erApp\bin\Debug\temp\48-horas-con-cargo-20-08-2017-08-08-19.aux")
("C:\Users\rigo\OneDrive - ASESCOM RJ ABOGADOS EIRL\git\LetterGeneratorGUI\Lett
erApp\bin\Debug\temp\48-horas-con-cargo-20-08-2017-08-08-19.aux")
("C:\Users\rigo\OneDrive - ASESCOM RJ ABOGADOS EIRL\git\LetterGeneratorGUI\Lett
erApp\bin\Debug\temp\48-horas-con-cargo-20-08-2017-08-08-19.aux")
("C:\Users\rigo\OneDrive - ASESCOM RJ ABOGADOS EIRL\git\LetterGeneratorGUI\Lett
erApp\bin\Debug\temp\48-horas-con-cargo-20-08-2017-08-08-19.aux")
("C:\Users\rigo\OneDrive - ASESCOM RJ ABOGADOS EIRL\git\LetterGeneratorGUI\Lett
erApp\bin\Debug\temp\48-horas-con-cargo-20-08-2017-08-08-19.aux")
("C:\Users\rigo\OneDrive - ASESCOM RJ ABOGADOS EIRL\git\LetterGeneratorGUI\Lett
erApp\bin\Debug\temp\48-horas-con-cargo-20-08-2017-08-08-19.aux")
("C:\Users\rigo\OneDrive - ASESCOM RJ ABOGADOS EIRL\git\LetterGeneratorGUI\Lett
erApp\bin\Debug\temp\48-horas-con-cargo-20-08-2017-08-08-19.aux")
("C:\Users\rigo\OneDrive - ASESCOM RJ ABOGADOS EIRL\git\LetterGeneratorGUI\Lett
erApp\bin\Debug\temp\48-horas-con-cargo-20-08-2017-08-08-19.aux")
("C:\Users\rigo\OneDrive - ASESCOM RJ ABOGADOS EIRL\git\LetterGeneratorGUI\Lett
erApp\bin\Debug\temp\48-horas-con-cargo-20-08-2017-08-08-19.aux")
("C:\Users\rigo\OneDrive - ASESCOM RJ ABOGADOS EIRL\git\LetterGeneratorGUI\Lett
erApp\bin\Debug\temp\48-horas-con-cargo-20-08-2017-08-08-19.aux")
("C:\Users\rigo\OneDrive - ASESCOM RJ ABOGADOS EIRL\git\LetterGeneratorGUI\Lett
erApp\bin\Debug\temp\48-horas-con-cargo-20-08-2017-08-08-19.aux")
("C:\Users\rigo\OneDrive - ASESCOM RJ ABOGADOS EIRL\git\LetterGeneratorGUI\Lett
erApp\bin\Debug\temp\48-horas-con-cargo-20-08-2017-08-08-19.aux")
("C:\Users\rigo\OneDrive - ASESCOM RJ ABOGADOS EIRL\git\LetterGeneratorGUI\Lett
erApp\bin\Debug\temp\48-horas-con-cargo-20-08-2017-08-08-19.aux")
("C:\Users\rigo\OneDrive - ASESCOM RJ ABOGADOS EIRL\git\LetterGeneratorGUI\Lett
erApp\bin\Debug\temp\48-horas-con-cargo-20-08-2017-08-08-19.aux")
("C:\Users\rigo\OneDrive - ASESCOM RJ ABOGADOS EIRL\git\LetterGeneratorGUI\Lett
erApp\bin\Debug\temp\48-horas-con-cargo-20-08-2017-08-08-19.aux")
("C:\Users\rigo\OneDrive - ASESCOM RJ ABOGADOS EIRL\git\LetterGeneratorGUI\Lett
erApp\bin\Debug\temp\48-horas-con-cargo-20-08-2017-08-08-19.aux")
("C:\Users\rigo\OneDrive - ASESCOM RJ ABOGADOS EIRL\git\LetterGeneratorGUI\Lett
erApp\bin\Debug\temp\48-horas-con-cargo-20-08-2017-08-08-19.aux")
("C:\Users\rigo\OneDrive - ASESCOM RJ ABOGADOS EIRL\git\LetterGeneratorGUI\Lett
erApp\bin\Debug\temp\48-horas-con-cargo-20-08-2017-08-08-19.aux")
("C:\Users\rigo\OneDrive - ASESCOM RJ ABOGADOS EIRL\git\LetterGeneratorGUI\Lett
erApp\bin\Debug\temp\48-horas-con-cargo-20-08-2017-08-08-19.aux")
("C:\Users\rigo\OneDrive - ASESCOM RJ ABOGADOS EIRL\git\LetterGeneratorGUI\Lett
erApp\bin\Debug\temp\48-horas-con-cargo-20-08-2017-08-08-19.aux")
("C:\Users\rigo\OneDrive - ASESCOM RJ ABOGADOS EIRL\git\LetterGeneratorGUI\Lett
erApp\bin\Debug\temp\48-horas-con-cargo-20-08-2017-08-08-19.aux")
("C:\Users\rigo\OneDrive - ASESCOM RJ ABOGADOS EIRL\git\LetterGeneratorGUI\Lett
erApp\bin\Debug\temp\48-horas-con-cargo-20-08-2017-08-08-19.aux")
("C:\Users\rigo\OneDrive - ASESCOM RJ ABOGADOS EIRL\git\LetterGeneratorGUI\Lett
erApp\bin\Debug\temp\48-horas-con-cargo-20-08-2017-08-08-19.aux")
("C:\Users\rigo\OneDrive - ASESCOM RJ ABOGADOS EIRL\git\LetterGeneratorGUI\Lett
erApp\bin\Debug\temp\48-horas-con-cargo-20-08-2017-08-08-19.aux")
("C:\Users\rigo\OneDrive - ASESCOM RJ ABOGADOS EIRL\git\LetterGeneratorGUI\Lett
erApp\bin\Debug\temp\48-horas-con-cargo-20-08-2017-08-08-19.aux")
("C:\Users\rigo\OneDrive - ASESCOM RJ ABOGADOS EIRL\git\LetterGeneratorGUI\Lett
erApp\bin\Debug\temp\48-horas-con-cargo-20-08-2017-08-08-19.aux")
("C:\Users\rigo\OneDrive - ASESCOM RJ ABOGADOS EIRL\git\LetterGeneratorGUI\Lett
erApp\bin\Debug\temp\48-horas-con-cargo-20-08-2017-08-08-19.aux")
("C:\Users\rigo\OneDrive - ASESCOM RJ ABOGADOS EIRL\git\LetterGeneratorGUI\Lett
erApp\bin\Debug\temp\48-horas-con-cargo-20-08-2017-08-08-19.aux")) ) 
Here is how much of TeX's memory you used:
 13630 strings out of 495223
 285025 string characters out of 3177520
 303845 words of memory out of 3000000
 16608 multiletter control sequences out of 15000+200000
 712263 words of font info for 45 fonts, out of 3000000 for 9000
 14 hyphenation exceptions out of 8191
 35i,8n,34p,10406b,732s stack positions out of 5000i,500n,10000p,200000b,50000s

Output written on "C:\Users\rigo\OneDrive - ASESCOM RJ ABOGADOS EIRL\git\Letter
GeneratorGUI\LetterApp\bin\Debug\temp\letters-20-08-2017-08-08-19.dvi" (51 page
s, 543356 bytes).
